Already up to date.
warning: LF will be replaced by CRLF in ops.json.
The file will have its original line endings in your working directory
warning: LF will be replaced by CRLF in world/advancements/c7c0af82-68ff-48a4-b3eb-044c289983a9.json.
The file will have its original line endings in your working directory
warning: LF will be replaced by CRLF in world/advancements/cc1bc233-3e5a-4d9c-a06e-e842e9995e83.json.
The file will have its original line endings in your working directory
warning: LF will be replaced by CRLF in logs/git/20-04-2021 - 01-20.log.
The file will have its original line endings in your working directory
[1.12.2 716cb54] Save 20-04-2021 - 01-20
 31 files changed, 72 insertions(+), 1299 deletions(-)
 create mode 100644 logs/2021-04-19-1.log.gz
 create mode 100644 logs/2021-04-19-2.log.gz
 create mode 100644 logs/2021-04-19-3.log.gz
 create mode 100644 logs/git/20-04-2021 - 01-20.log
 rewrite logs/latest.log (99%)
 rewrite world/data/Mineshaft.dat (80%)
 rewrite world/data/Village.dat (100%)
 rewrite world/level.dat (100%)
 rewrite world/level.dat_old (100%)
 rewrite world/playerdata/c7c0af82-68ff-48a4-b3eb-044c289983a9.dat (100%)
 rewrite world/playerdata/cc1bc233-3e5a-4d9c-a06e-e842e9995e83.dat (100%)
 rewrite world/stats/c7c0af82-68ff-48a4-b3eb-044c289983a9.json (89%)
 rewrite world/stats/cc1bc233-3e5a-4d9c-a06e-e842e9995e83.json (100%)
To https://github.com/Thematt69/minecraft.git
   c544ebe..716cb54  1.12.2 -> 1.12.2
