bash: [Git] Récupération des dernières modifications...: command not found
Already up to date.
bash: [Git] Ajout des fichiers non répertorié...: command not found
warning: LF will be replaced by CRLF in logs/git/20-04-2021 - 09-20.log.
The file will have its original line endings in your working directory
warning: LF will be replaced by CRLF in logs/git/20-04-2021 - 09-30.log.
The file will have its original line endings in your working directory
bash: [Git] Changements trouvées !: command not found
bash: [Git] Préparation du commit...: command not found
[1.12.2 5608ecf] Save 20-04-2021 - 09-30
 3 files changed, 34 insertions(+), 8 deletions(-)
 create mode 100644 logs/git/20-04-2021 - 09-30.log
bash: [Git] Envoi vers GitHub...: command not found
To https://github.com/Thematt69/minecraft.git
   9712fc0..5608ecf  1.12.2 -> 1.12.2
bash: [Git] Sauvegarde terminé !: command not found
bash: [Git] Statut actuel de Git: command not found
On branch 1.12.2
Your branch is up to date with 'origin/1.12.2'.

Changes not staged for commit:
  (use "git add <file>..." to update what will be committed)
  (use "git restore <file>..." to discard changes in working directory)
	modified:   logs/git/20-04-2021 - 09-30.log

no changes added to commit (use "git add" and/or "git commit -a")
