[[1;93m GIT [0m] : [1;93m Récupération des dernières modifications... [0m
Already up to date.
[[1;93m GIT [0m] : [1;93m Ajout des fichiers non répertorié... [0m
warning: LF will be replaced by CRLF in logs/git/20-04-2021 - 09-40.log.
The file will have its original line endings in your working directory
warning: LF will be replaced by CRLF in ops.json.
The file will have its original line endings in your working directory
warning: LF will be replaced by CRLF in world/advancements/c7c0af82-68ff-48a4-b3eb-044c289983a9.json.
The file will have its original line endings in your working directory
warning: LF will be replaced by CRLF in world/advancements/cc1bc233-3e5a-4d9c-a06e-e842e9995e83.json.
The file will have its original line endings in your working directory
warning: LF will be replaced by CRLF in logs/git/21-04-2021 - 01-08.log.
The file will have its original line endings in your working directory
[[1;31m GIT [0m] : [1;31m Changements trouvées ! [0m
[[1;93m GIT [0m] : [1;93m Préparation du commit... [0m
[1.12.2 a380e9a] Save 21-04-2021 - 01-08
 34 files changed, 696 insertions(+), 395 deletions(-)
 create mode 100644 logs/2021-04-20-1.log.gz
 create mode 100644 logs/2021-04-20-2.log.gz
 create mode 100644 logs/git/21-04-2021 - 01-08.log
 rewrite logs/latest.log (97%)
 rewrite world/level.dat (100%)
 rewrite world/level.dat_old (100%)
 rewrite world/playerdata/c7c0af82-68ff-48a4-b3eb-044c289983a9.dat (100%)
 rewrite world/playerdata/cc1bc233-3e5a-4d9c-a06e-e842e9995e83.dat (100%)
 rewrite world/stats/c7c0af82-68ff-48a4-b3eb-044c289983a9.json (100%)
 rewrite world/stats/cc1bc233-3e5a-4d9c-a06e-e842e9995e83.json (98%)
[[1;31m GIT [0m] : [1;31m Envoi vers GitHub... [0m
