fatal: --[no-]autostash option is only valid with --rebase.
[1.12.2 1b1ed9c] Save 28-02-2021 - 18:13
 27 files changed, 109 insertions(+), 59 deletions(-)
 create mode 100644 logs/2021-02-22-2.log.gz
 create mode 100644 logs/2021-02-22-3.log.gz
 create mode 100644 logs/git/28-02-2021 - 18:13.log
 rewrite logs/latest.log (97%)
 create mode 100644 world/advancements/c7c0af82-68ff-48a4-b3eb-044c289983a9.json
 rewrite world/data/Village.dat (100%)
 rewrite world/level.dat (100%)
 rewrite world/level.dat_old (100%)
 create mode 100644 world/playerdata/c7c0af82-68ff-48a4-b3eb-044c289983a9.dat
 create mode 100644 world/region/r.1.1.mca
 create mode 100644 world/region/r.2.-1.mca
 create mode 100644 world/region/r.2.0.mca
 create mode 100644 world/region/r.3.-1.mca
 create mode 100644 world/region/r.3.0.mca
 create mode 100644 world/stats/c7c0af82-68ff-48a4-b3eb-044c289983a9.json
To https://github.com/Thematt69/minecraft.git
   80ddb9c..1b1ed9c  1.12.2 -> 1.12.2
