fatal: --[no-]autostash option is only valid with --rebase.
[1.12.2 73eda35] Save 28-02-2021 - 22:22
 33 files changed, 1065 insertions(+), 55 deletions(-)
 create mode 100644 logs/2021-02-28-1.log.gz
 create mode 100644 logs/git/28-02-2021 - 22:22.log
 rewrite logs/latest.log (95%)
 create mode 100644 world/data/Monument.dat
 rewrite world/level.dat (100%)
 rewrite world/level.dat_old (100%)
 rewrite world/playerdata/c7c0af82-68ff-48a4-b3eb-044c289983a9.dat (100%)
 create mode 100644 world/region/r.0.1.mca
 create mode 100644 world/region/r.1.-2.mca
 create mode 100644 world/region/r.2.-2.mca
 create mode 100644 world/region/r.3.-2.mca
 rewrite world/stats/c7c0af82-68ff-48a4-b3eb-044c289983a9.json (100%)
To https://github.com/Thematt69/minecraft.git
 ! [rejected]        1.12.2 -> 1.12.2 (fetch first)
error: failed to push some refs to 'https://github.com/Thematt69/minecraft.git'
hint: Updates were rejected because the remote contains work that you do
hint: not have locally. This is usually caused by another repository pushing
hint: to the same ref. You may want to first integrate the remote changes
hint: (e.g., 'git pull ...') before pushing again.
hint: See the 'Note about fast-forwards' in 'git push --help' for details.
