[[1;93m GIT [0m] : [1;93m Récupération des dernières modifications... [0m
Already up to date.
[[1;93m GIT [0m] : [1;93m Ajout des fichiers non répertorié... [0m
[[1;31m GIT [0m] : [1;31m Changements trouvées ! [0m
[[1;93m GIT [0m] : [1;93m Préparation du commit... [0m
[1.12.2 302be95] Save 30-08-2021 - 19-06
 109 files changed, 247 insertions(+), 34 deletions(-)
 create mode 100644 logs/2021-04-25-1.log.gz
 create mode 100644 logs/2021-04-25-2.log.gz
 create mode 100644 logs/2021-04-25-3.log.gz
 create mode 100644 logs/2021-04-30-1.log.gz
 create mode 100644 logs/2021-04-30-2.log.gz
 create mode 100644 logs/2021-04-30-3.log.gz
 create mode 100644 logs/2021-04-30-4.log.gz
 create mode 100644 logs/2021-05-01-1.log.gz
 create mode 100644 logs/2021-05-01-2.log.gz
 create mode 100644 logs/2021-05-01-3.log.gz
 create mode 100644 logs/2021-05-02-1.log.gz
 create mode 100644 logs/2021-05-03-1.log.gz
 create mode 100644 logs/2021-05-03-2.log.gz
 create mode 100644 logs/2021-05-04-1.log.gz
 create mode 100644 logs/2021-05-04-2.log.gz
 create mode 100644 logs/2021-05-06-1.log.gz
 create mode 100644 logs/2021-05-07-1.log.gz
 create mode 100644 logs/2021-05-07-2.log.gz
 create mode 100644 logs/2021-05-07-3.log.gz
 create mode 100644 logs/2021-05-10-1.log.gz
 create mode 100644 logs/2021-05-10-2.log.gz
 create mode 100644 logs/2021-05-16-1.log.gz
 create mode 100644 logs/2021-05-16-2.log.gz
 create mode 100644 logs/2021-05-18-1.log.gz
 create mode 100644 logs/2021-05-18-2.log.gz
 create mode 100644 logs/2021-05-18-3.log.gz
 create mode 100644 logs/2021-05-18-4.log.gz
 create mode 100644 logs/2021-05-19-1.log.gz
 create mode 100644 logs/2021-05-19-2.log.gz
 create mode 100644 logs/2021-05-27-1.log.gz
 create mode 100644 logs/2021-05-27-2.log.gz
 create mode 100644 logs/2021-05-28-1.log.gz
 create mode 100644 logs/2021-05-28-2.log.gz
 create mode 100644 logs/2021-05-30-1.log.gz
 create mode 100644 logs/2021-05-30-2.log.gz
 create mode 100644 logs/2021-05-31-1.log.gz
 create mode 100644 logs/2021-05-31-2.log.gz
 create mode 100644 logs/2021-06-01-1.log.gz
 create mode 100644 logs/2021-06-01-2.log.gz
 create mode 100644 logs/2021-06-02-1.log.gz
 create mode 100644 logs/2021-06-02-2.log.gz
 create mode 100644 logs/2021-06-16-1.log.gz
 create mode 100644 logs/2021-06-16-2.log.gz
 create mode 100644 logs/2021-07-05-1.log.gz
 create mode 100644 logs/2021-07-05-2.log.gz
 create mode 100644 logs/2021-07-07-1.log.gz
 create mode 100644 logs/2021-07-07-2.log.gz
 create mode 100644 logs/2021-07-08-1.log.gz
 create mode 100644 logs/2021-07-08-2.log.gz
 create mode 100644 logs/2021-07-10-1.log.gz
 create mode 100644 logs/2021-07-11-1.log.gz
 create mode 100644 logs/2021-07-11-2.log.gz
 create mode 100644 logs/2021-07-14-1.log.gz
 create mode 100644 logs/2021-07-14-2.log.gz
 create mode 100644 logs/2021-07-14-3.log.gz
 create mode 100644 logs/2021-07-15-1.log.gz
 create mode 100644 logs/2021-07-15-2.log.gz
 create mode 100644 logs/2021-07-17-1.log.gz
 create mode 100644 logs/2021-07-17-2.log.gz
 create mode 100644 logs/2021-07-18-1.log.gz
 create mode 100644 logs/2021-07-19-1.log.gz
 create mode 100644 logs/2021-07-19-2.log.gz
 create mode 100644 logs/2021-07-27-1.log.gz
 create mode 100644 logs/2021-07-27-2.log.gz
 create mode 100644 logs/git/30-08-2021 - 19-05.log
 create mode 100644 logs/git/30-08-2021 - 19-06.log
 rewrite logs/latest.log (95%)
 create mode 100644 world/DIM-1/region/r.-1.-2.mca
 create mode 100644 world/DIM-1/region/r.-1.1.mca
 create mode 100644 world/DIM-1/region/r.0.-2.mca
 create mode 100644 world/DIM-1/region/r.0.1.mca
 create mode 100644 world/DIM-1/region/r.1.-1.mca
 create mode 100644 world/DIM-1/region/r.1.-2.mca
 create mode 100644 world/DIM-1/region/r.1.0.mca
 create mode 100644 world/DIM-1/region/r.2.1.mca
 rewrite world/data/Fortress.dat (99%)
 rewrite world/level.dat (100%)
 rewrite world/level.dat_old (100%)
 rewrite world/playerdata/c7c0af82-68ff-48a4-b3eb-044c289983a9.dat (100%)
 rewrite world/stats/c7c0af82-68ff-48a4-b3eb-044c289983a9.json (100%)
[[1;31m GIT [0m] : [1;31m Envoi vers GitHub... [0m
To https://github.com/Thematt69/minecraft.git
   23a5bd7..302be95  1.12.2 -> 1.12.2
